Arguments: 
  /Users/mahdizarrintareh/.nvm/versions/node/v14.17.5/bin/node /Users/mahdizarrintareh/.nvm/versions/node/v14.17.5/bin/yarn

PATH: 
  /opt/homebrew/opt/mysql-client/bin:/Users/mahdizarrintareh/.deno/bin:/Users/mahdizarrintareh/Library/Python/3.8/bin:/Users/mahdizarrintareh/go/bin:.yarn/bin/:/opt/homebrew/opt/libpq/bin:/usr/local/opt/libpq/bin:/Users/mahdizarrintareh/.pgo/pgo:/Users/mahdizarrintareh/Library/Python/3.8/bin:/Users/mahdizarrintareh/yandex-cloud/bin:/Users/mahdizarrintareh/Library/Android/sdk/tools:/Users/mahdizarrintareh/Library/Android/sdk/tools/bin:/Users/mahdizarrintareh/Library/Android/sdk/platform-tools:/Users/mahdizarrintareh/.nvm/versions/node/v14.17.5/bin:/opt/homebrew/opt/openjdk/bin:/opt/homebrew/bin:/opt/homebrew/sbin:/usr/local/bin:/usr/bin:/bin:/usr/sbin:/sbin:/opt/X11/bin:/Library/Apple/usr/bin:/Users/mahdizarrintareh/.cargo/bin:/Users/mahdizarrintareh/Development/flutter/bin

Yarn version: 
  1.22.11

Node version: 
  14.17.5

Platform: 
  darwin arm64

Trace: 
  SyntaxError: /Users/mahdizarrintareh/Development/workix/lithium/package.json: Unexpected token } in JSON at position 195
      at JSON.parse (<anonymous>)
      at /Users/mahdizarrintareh/.nvm/versions/node/v14.17.5/lib/node_modules/yarn/lib/cli.js:1625:59
      at Generator.next (<anonymous>)
      at step (/Users/mahdizarrintareh/.nvm/versions/node/v14.17.5/lib/node_modules/yarn/lib/cli.js:310:30)
      at /Users/mahdizarrintareh/.nvm/versions/node/v14.17.5/lib/node_modules/yarn/lib/cli.js:321:13

npm manifest: 
  {
    "name": "lithium-design",
    "version": "0.0.3",
    "description": "lithium is component library for react",
    "main": "dist/index.js",
    "scripts": {
      "build": "node ./scripts/build.js",
    },
    "repository": {
      "type": "git",
      "url": "git+https://github.com/Malivix/lithium.git"
    },
    "keywords": [
      "react",
      "css",
      "sass"
    ],
    "prettier": "@shopify/prettier-config",
    "stylelint": {
      "extends": [
        "@shopify/stylelint-plugin/prettier"
      ]
    },
    "author": "Malivix",
    "license": "MIT",
    "bugs": {
      "url": "https://github.com/Malivix/lithium/issues"
    },
    "homepage": "https://github.com/Malivix/lithium#readme",
    "dependencies": {
      "@types/react": "^17.0.19",
      "@types/react-dom": "^17.0.9",
      "@types/react-transition-group": "^4.4.2",
      "lodash": "^4.17.4",
      "serve": "^12.0.0"
    },
    "devDependencies": {
      "@babel/core": "^7.15.0",
      "@babel/node": "^7.14.9",
      "@rollup/plugin-image": "^2.0.5",
      "@rollup/plugin-replace": "^2.3.3",
      "@rollup/pluginutils": "^3.1.0",
      "@shopify/babel-preset": "^24.1.2",
      "@shopify/browserslist-config": "^3.0.0",
      "@shopify/eslint-plugin": "^39.0.1",
      "@shopify/jest-dom-mocks": "^3.0.5",
      "@shopify/loom": "^0.7.0",
      "@shopify/loom-cli": "^0.7.0",
      "@shopify/loom-plugin-babel": "^0.3.0",
      "@shopify/loom-plugin-eslint": "^0.5.0",
      "@shopify/loom-plugin-jest": "^0.6.0",
      "@shopify/loom-plugin-package-build": "^0.7.0",
      "@shopify/loom-plugin-prettier": "^0.2.0",
      "@shopify/loom-plugin-stylelint": "^0.5.0",
      "@shopify/loom-plugin-typescript": "^0.8.0",
      "@shopify/postcss-plugin": "^3.1.1",
      "@shopify/prettier-config": "^1.1.2",
      "@shopify/react-testing": "^3.2.4",
      "@shopify/storybook-a11y-test": "^0.0.1",
      "@shopify/stylelint-plugin": "^10.0.1",
      "@shopify/typescript-configs": "^5.0.0",
      "@size-limit/preset-small-lib": "^5.0.3",
      "@storybook/addon-a11y": "^6.3.7",
      "@storybook/addon-console": "^1.2.3",
      "@storybook/addon-contexts": "^5.3.19",
      "@storybook/addon-essentials": "^6.3.7",
      "@storybook/addon-knobs": "^6.3.0",
      "@storybook/react": "^6.3.7",
      "@types/lodash": "^4.14.138",
      "@types/node": "^12.7.5",
      "@types/scss-parser": "^1.0.0",
      "babel-core": "7.0.0-bridge.0",
      "babel-loader": "^8.1.0",
      "chalk": "^2.4.2",
      "change-case": "^3.1.0",
      "commander": "^4.1.0",
      "copyfiles": "^2.1.1",
      "core-js": "^3.6.5",
      "create-file-webpack": "^1.0.2",
      "downlevel-dts": "^0.6.0",
      "fs-extra": "^7.0.1",
      "glob": "^7.1.4",
      "gray-matter": "^4.0.2",
      "marked": "^0.7.0",
      "node-cmd": "^3.0.0",
      "node-sass": "^4.12.0",
      "npm-run-all": "^4.1.5",
      "object-hash": "^1.3.1",
      "postcss": "^7.0.18",
      "postcss-modules": "^3.1.0",
      "react": "^17.0.2",
      "react-dom": "^17.0.2",
      "react-is": "^17.0.2",
      "react-test-renderer": "^17.0.2",
      "rimraf": "^3.0.0",
      "sass-loader": "^8.0.0",
      "scss-parser": "^1.0.3",
      "semver": "^6.3.0",
      "shelljs": "^0.8.3",
      "shx": "^0.3.2",
      "size-limit": "^5.0.3",
      "svgo": "^1.3.0",
      "typescript": "~4.3.5"
    }
  }

yarn manifest: 
  No manifest

Lockfile: 
  No lockfile
